0 info it worked if it ends with ok
1 verbose cli [ 'node', '/usr/local/bin/npm', 'uninstall', 'phantomjs', '-g' ]
2 info using npm@1.4.28
3 info using node@v0.10.35
4 verbose lib/node_modules/phantomjs unbuild
5 info preuninstall phantomjs@1.9.15
6 info uninstall phantomjs@1.9.15
7 verbose true,/usr/local/lib/node_modules,/usr/local/lib/node_modules unbuild phantomjs@1.9.15
8 verbose /usr/local/bin,[object Object] binRoot
9 info postuninstall phantomjs@1.9.15
10 error Error: EACCES, unlink '/usr/local/lib/node_modules/phantomjs/.jshintrc'
10 error  { [Error: EACCES, unlink '/usr/local/lib/node_modules/phantomjs/.jshintrc']
10 error   errno: 3,
10 error   code: 'EACCES',
10 error   path: '/usr/local/lib/node_modules/phantomjs/.jshintrc' }
11 error Please try running this command again as root/Administrator.
12 error System Darwin 11.4.2
13 error command "node" "/usr/local/bin/npm" "uninstall" "phantomjs" "-g"
14 error cwd /Users/vlado/Sites/ng-exercises
15 error node -v v0.10.35
16 error npm -v 1.4.28
17 error path /usr/local/lib/node_modules/phantomjs/.jshintrc
18 error code EACCES
19 error errno 3
20 error stack Error: EACCES, unlink '/usr/local/lib/node_modules/phantomjs/.jshintrc'
21 verbose exit [ 3, true ]
